[0.441s] DEBUG:colcon:Command line arguments: ['/usr/bin/colcon', 'build', '--symlink-install']
[0.441s] DEBUG:colcon:Parsed command line arguments: Namespace(ament_cmake_args=None, base_paths='.', bazel_args=None, bazel_task=None, build_base='build', catkin_cmake_args=None, catkin_skip_building_tests=False, cmake_args=None, cmake_clean_cache=False, cmake_clean_first=False, cmake_force_configure=False, cmake_target=None, cmake_target_skip_unavailable=False, continue_on_error=False, event_handlers=None, executor='parallel', ignore_user_meta=False, install_base='install', log_base='log', log_level=None, main=<bound method BuildVerb.main of <colcon_core.verb.build.BuildVerb object at 0x7fa21a0d3a58>>, merge_install=False, metas='./colcon.meta', mixin=None, mixin_files=None, mixin_verb=('build',), packages_above=None, packages_above_depth=None, packages_end=None, packages_ignore=None, packages_ignore_regex=None, packages_select=None, packages_select_build_failed=False, packages_select_by_dep=None, packages_select_regex=None, packages_select_test_failures=False, packages_skip=None, packages_skip_build_finished=False, packages_skip_by_dep=None, packages_skip_regex=None, packages_skip_test_passed=False, packages_skip_up_to=None, packages_start=None, packages_up_to=None, parallel_workers=4, paths=None, symlink_install=True, test_result_base=None, verb_extension=<colcon_core.verb.build.BuildVerb object at 0x7fa21a0d3a58>, verb_name='build', verb_parser=<colcon_mixin.mixin.mixin_argument.MixinArgumentDecorator object at 0x7fa21a0d3f28>)
[0.454s] ERROR:colcon.colcon_core.entry_point:Exception loading extension 'colcon_core.package_identification.bazel': cannot import name 'pyparsing_common'
Traceback (most recent call last):
  File "/usr/lib/python3/dist-packages/colcon_core/entry_point.py", line 98, in load_entry_points
    extension_type = load_entry_point(entry_point)
  File "/usr/lib/python3/dist-packages/colcon_core/entry_point.py", line 140, in load_entry_point
    return entry_point.load()
  File "/home/hsd-rr/.local/lib/python3.5/site-packages/pkg_resources/__init__.py", line 2434, in load
    return self.resolve()
  File "/home/hsd-rr/.local/lib/python3.5/site-packages/pkg_resources/__init__.py", line 2440, in resolve
    module = __import__(self.module_name, fromlist=['__name__'], level=0)
  File "/usr/lib/python3/dist-packages/colcon_bazel/package_identification/bazel.py", line 21, in <module>
    from pyparsing import pyparsing_common
ImportError: cannot import name 'pyparsing_common'

[0.554s] Level 1:colcon.colcon_core.package_discovery:discover_packages(colcon_meta) check parameters
[0.554s] Level 1:colcon.colcon_core.package_discovery:discover_packages(recursive) check parameters
[0.554s] Level 1:colcon.colcon_core.package_discovery:discover_packages(ignore) check parameters
[0.555s] Level 1:colcon.colcon_core.package_discovery:discover_packages(path) check parameters
[0.555s] Level 1:colcon.colcon_core.package_discovery:discover_packages(recursive) discover
[0.555s] INFO:colcon.colcon_core.package_discovery:Crawling recursively for packages in '/home/hsd-rr/ros2_simple_ws'
[0.555s] Level 1:colcon.colcon_core.package_identification:_identify(/home/hsd-rr/ros2_simple_ws) by extensions ['ignore', 'ignore_ament_install']
[0.555s] Level 1:colcon.colcon_core.package_identification:_identify(/home/hsd-rr/ros2_simple_ws) by extension 'ignore'
[0.555s] Level 1:colcon.colcon_core.package_identification:_identify(/home/hsd-rr/ros2_simple_ws) by extension 'ignore_ament_install'
[0.555s] Level 1:colcon.colcon_core.package_identification:_identify(/home/hsd-rr/ros2_simple_ws) by extensions ['colcon_pkg']
[0.556s] Level 1:colcon.colcon_core.package_identification:_identify(/home/hsd-rr/ros2_simple_ws) by extension 'colcon_pkg'
[0.556s] Level 1:colcon.colcon_core.package_identification:_identify(/home/hsd-rr/ros2_simple_ws) by extensions ['colcon_meta']
[0.556s] Level 1:colcon.colcon_core.package_identification:_identify(/home/hsd-rr/ros2_simple_ws) by extension 'colcon_meta'
[0.556s] Level 1:colcon.colcon_core.package_identification:_identify(/home/hsd-rr/ros2_simple_ws) by extensions ['ros']
[0.556s] Level 1:colcon.colcon_core.package_identification:_identify(/home/hsd-rr/ros2_simple_ws) by extension 'ros'
[0.560s] Level 1:colcon.colcon_core.package_identification:_identify(/home/hsd-rr/ros2_simple_ws) by extensions ['cmake', 'python']
[0.560s] Level 1:colcon.colcon_core.package_identification:_identify(/home/hsd-rr/ros2_simple_ws) by extension 'cmake'
[0.560s] Level 1:colcon.colcon_core.package_identification:_identify(/home/hsd-rr/ros2_simple_ws) by extension 'python'
[0.560s] Level 1:colcon.colcon_core.package_identification:_identify(/home/hsd-rr/ros2_simple_ws) by extensions ['python_setup_py']
[0.560s] Level 1:colcon.colcon_core.package_identification:_identify(/home/hsd-rr/ros2_simple_ws) by extension 'python_setup_py'
[0.561s] Level 1:colcon.colcon_core.package_identification:_identify(/home/hsd-rr/ros2_simple_ws/build) by extensions ['ignore', 'ignore_ament_install']
[0.561s] Level 1:colcon.colcon_core.package_identification:_identify(/home/hsd-rr/ros2_simple_ws/build) by extension 'ignore'
[0.561s] Level 1:colcon.colcon_core.package_identification:_identify(/home/hsd-rr/ros2_simple_ws/build) ignored
[0.561s] Level 1:colcon.colcon_core.package_identification:_identify(/home/hsd-rr/ros2_simple_ws/install) by extensions ['ignore', 'ignore_ament_install']
[0.561s] Level 1:colcon.colcon_core.package_identification:_identify(/home/hsd-rr/ros2_simple_ws/install) by extension 'ignore'
[0.561s] Level 1:colcon.colcon_core.package_identification:_identify(/home/hsd-rr/ros2_simple_ws/install) ignored
[0.561s] Level 1:colcon.colcon_core.package_identification:_identify(/home/hsd-rr/ros2_simple_ws/log) by extensions ['ignore', 'ignore_ament_install']
[0.561s] Level 1:colcon.colcon_core.package_identification:_identify(/home/hsd-rr/ros2_simple_ws/log) by extension 'ignore'
[0.562s] Level 1:colcon.colcon_core.package_identification:_identify(/home/hsd-rr/ros2_simple_ws/log) ignored
[0.562s] Level 1:colcon.colcon_core.package_identification:_identify(/home/hsd-rr/ros2_simple_ws/src) by extensions ['ignore', 'ignore_ament_install']
[0.562s] Level 1:colcon.colcon_core.package_identification:_identify(/home/hsd-rr/ros2_simple_ws/src) by extension 'ignore'
[0.562s] Level 1:colcon.colcon_core.package_identification:_identify(/home/hsd-rr/ros2_simple_ws/src) by extension 'ignore_ament_install'
[0.562s] Level 1:colcon.colcon_core.package_identification:_identify(/home/hsd-rr/ros2_simple_ws/src) by extensions ['colcon_pkg']
[0.562s] Level 1:colcon.colcon_core.package_identification:_identify(/home/hsd-rr/ros2_simple_ws/src) by extension 'colcon_pkg'
[0.562s] Level 1:colcon.colcon_core.package_identification:_identify(/home/hsd-rr/ros2_simple_ws/src) by extensions ['colcon_meta']
[0.562s] Level 1:colcon.colcon_core.package_identification:_identify(/home/hsd-rr/ros2_simple_ws/src) by extension 'colcon_meta'
[0.562s] Level 1:colcon.colcon_core.package_identification:_identify(/home/hsd-rr/ros2_simple_ws/src) by extensions ['ros']
[0.563s] Level 1:colcon.colcon_core.package_identification:_identify(/home/hsd-rr/ros2_simple_ws/src) by extension 'ros'
[0.563s] Level 1:colcon.colcon_core.package_identification:_identify(/home/hsd-rr/ros2_simple_ws/src) by extensions ['cmake', 'python']
[0.563s] Level 1:colcon.colcon_core.package_identification:_identify(/home/hsd-rr/ros2_simple_ws/src) by extension 'cmake'
[0.563s] Level 1:colcon.colcon_core.package_identification:_identify(/home/hsd-rr/ros2_simple_ws/src) by extension 'python'
[0.563s] Level 1:colcon.colcon_core.package_identification:_identify(/home/hsd-rr/ros2_simple_ws/src) by extensions ['python_setup_py']
[0.563s] Level 1:colcon.colcon_core.package_identification:_identify(/home/hsd-rr/ros2_simple_ws/src) by extension 'python_setup_py'
[0.563s] Level 1:colcon.colcon_core.package_identification:_identify(/home/hsd-rr/ros2_simple_ws/src/ros2_listener) by extensions ['ignore', 'ignore_ament_install']
[0.563s] Level 1:colcon.colcon_core.package_identification:_identify(/home/hsd-rr/ros2_simple_ws/src/ros2_listener) by extension 'ignore'
[0.564s] Level 1:colcon.colcon_core.package_identification:_identify(/home/hsd-rr/ros2_simple_ws/src/ros2_listener) by extension 'ignore_ament_install'
[0.564s] Level 1:colcon.colcon_core.package_identification:_identify(/home/hsd-rr/ros2_simple_ws/src/ros2_listener) by extensions ['colcon_pkg']
[0.564s] Level 1:colcon.colcon_core.package_identification:_identify(/home/hsd-rr/ros2_simple_ws/src/ros2_listener) by extension 'colcon_pkg'
[0.564s] Level 1:colcon.colcon_core.package_identification:_identify(/home/hsd-rr/ros2_simple_ws/src/ros2_listener) by extensions ['colcon_meta']
[0.564s] Level 1:colcon.colcon_core.package_identification:_identify(/home/hsd-rr/ros2_simple_ws/src/ros2_listener) by extension 'colcon_meta'
[0.564s] Level 1:colcon.colcon_core.package_identification:_identify(/home/hsd-rr/ros2_simple_ws/src/ros2_listener) by extensions ['ros']
[0.564s] Level 1:colcon.colcon_core.package_identification:_identify(/home/hsd-rr/ros2_simple_ws/src/ros2_listener) by extension 'ros'
[0.577s] DEBUG:colcon.colcon_core.package_identification:Package '/home/hsd-rr/ros2_simple_ws/src/ros2_listener' with type 'ros.ament_python' and name 'ros2_listener'
[0.577s] Level 1:colcon.colcon_core.package_identification:_identify(/home/hsd-rr/ros2_simple_ws/src/ros2_talker) by extensions ['ignore', 'ignore_ament_install']
[0.577s] Level 1:colcon.colcon_core.package_identification:_identify(/home/hsd-rr/ros2_simple_ws/src/ros2_talker) by extension 'ignore'
[0.578s] Level 1:colcon.colcon_core.package_identification:_identify(/home/hsd-rr/ros2_simple_ws/src/ros2_talker) by extension 'ignore_ament_install'
[0.578s] Level 1:colcon.colcon_core.package_identification:_identify(/home/hsd-rr/ros2_simple_ws/src/ros2_talker) by extensions ['colcon_pkg']
[0.578s] Level 1:colcon.colcon_core.package_identification:_identify(/home/hsd-rr/ros2_simple_ws/src/ros2_talker) by extension 'colcon_pkg'
[0.578s] Level 1:colcon.colcon_core.package_identification:_identify(/home/hsd-rr/ros2_simple_ws/src/ros2_talker) by extensions ['colcon_meta']
[0.578s] Level 1:colcon.colcon_core.package_identification:_identify(/home/hsd-rr/ros2_simple_ws/src/ros2_talker) by extension 'colcon_meta'
[0.578s] Level 1:colcon.colcon_core.package_identification:_identify(/home/hsd-rr/ros2_simple_ws/src/ros2_talker) by extensions ['ros']
[0.578s] Level 1:colcon.colcon_core.package_identification:_identify(/home/hsd-rr/ros2_simple_ws/src/ros2_talker) by extension 'ros'
[0.580s] DEBUG:colcon.colcon_core.package_identification:Package '/home/hsd-rr/ros2_simple_ws/src/ros2_talker' with type 'ros.ament_python' and name 'ros2_talker'
[0.580s] Level 1:colcon.colcon_core.package_discovery:discover_packages(recursive) using defaults
[0.589s] Level 5:colcon.colcon_core.verb:set package 'ros2_listener' build argument 'bazel_args' from command line to 'None'
[0.589s] Level 5:colcon.colcon_core.verb:set package 'ros2_listener' build argument 'bazel_task' from command line to 'None'
[0.589s] Level 5:colcon.colcon_core.verb:set package 'ros2_listener' build argument 'cmake_args' from command line to 'None'
[0.589s] Level 5:colcon.colcon_core.verb:set package 'ros2_listener' build argument 'cmake_target' from command line to 'None'
[0.589s] Level 5:colcon.colcon_core.verb:set package 'ros2_listener' build argument 'cmake_target_skip_unavailable' from command line to 'False'
[0.589s] Level 5:colcon.colcon_core.verb:set package 'ros2_listener' build argument 'cmake_clean_cache' from command line to 'False'
[0.589s] Level 5:colcon.colcon_core.verb:set package 'ros2_listener' build argument 'cmake_clean_first' from command line to 'False'
[0.589s] Level 5:colcon.colcon_core.verb:set package 'ros2_listener' build argument 'cmake_force_configure' from command line to 'False'
[0.589s] Level 5:colcon.colcon_core.verb:set package 'ros2_listener' build argument 'ament_cmake_args' from command line to 'None'
[0.589s] Level 5:colcon.colcon_core.verb:set package 'ros2_listener' build argument 'catkin_cmake_args' from command line to 'None'
[0.589s] Level 5:colcon.colcon_core.verb:set package 'ros2_listener' build argument 'catkin_skip_building_tests' from command line to 'False'
[0.589s] DEBUG:colcon.colcon_core.verb:Building package 'ros2_listener' with the following arguments: {'ament_cmake_args': None, 'bazel_args': None, 'bazel_task': None, 'build_base': '/home/hsd-rr/ros2_simple_ws/build/ros2_listener', 'catkin_cmake_args': None, 'catkin_skip_building_tests': False, 'cmake_args': None, 'cmake_clean_cache': False, 'cmake_clean_first': False, 'cmake_force_configure': False, 'cmake_target': None, 'cmake_target_skip_unavailable': False, 'install_base': '/home/hsd-rr/ros2_simple_ws/install/ros2_listener', 'merge_install': False, 'path': '/home/hsd-rr/ros2_simple_ws/src/ros2_listener', 'symlink_install': True, 'test_result_base': None}
[0.595s] Level 5:colcon.colcon_core.verb:set package 'ros2_talker' build argument 'bazel_args' from command line to 'None'
[0.595s] Level 5:colcon.colcon_core.verb:set package 'ros2_talker' build argument 'bazel_task' from command line to 'None'
[0.595s] Level 5:colcon.colcon_core.verb:set package 'ros2_talker' build argument 'cmake_args' from command line to 'None'
[0.595s] Level 5:colcon.colcon_core.verb:set package 'ros2_talker' build argument 'cmake_target' from command line to 'None'
[0.595s] Level 5:colcon.colcon_core.verb:set package 'ros2_talker' build argument 'cmake_target_skip_unavailable' from command line to 'False'
[0.595s] Level 5:colcon.colcon_core.verb:set package 'ros2_talker' build argument 'cmake_clean_cache' from command line to 'False'
[0.595s] Level 5:colcon.colcon_core.verb:set package 'ros2_talker' build argument 'cmake_clean_first' from command line to 'False'
[0.595s] Level 5:colcon.colcon_core.verb:set package 'ros2_talker' build argument 'cmake_force_configure' from command line to 'False'
[0.595s] Level 5:colcon.colcon_core.verb:set package 'ros2_talker' build argument 'ament_cmake_args' from command line to 'None'
[0.595s] Level 5:colcon.colcon_core.verb:set package 'ros2_talker' build argument 'catkin_cmake_args' from command line to 'None'
[0.596s] Level 5:colcon.colcon_core.verb:set package 'ros2_talker' build argument 'catkin_skip_building_tests' from command line to 'False'
[0.596s] DEBUG:colcon.colcon_core.verb:Building package 'ros2_talker' with the following arguments: {'ament_cmake_args': None, 'bazel_args': None, 'bazel_task': None, 'build_base': '/home/hsd-rr/ros2_simple_ws/build/ros2_talker', 'catkin_cmake_args': None, 'catkin_skip_building_tests': False, 'cmake_args': None, 'cmake_clean_cache': False, 'cmake_clean_first': False, 'cmake_force_configure': False, 'cmake_target': None, 'cmake_target_skip_unavailable': False, 'install_base': '/home/hsd-rr/ros2_simple_ws/install/ros2_talker', 'merge_install': False, 'path': '/home/hsd-rr/ros2_simple_ws/src/ros2_talker', 'symlink_install': True, 'test_result_base': None}
[0.598s] INFO:colcon.colcon_core.executor:Executing jobs using 'parallel' executor
[0.599s] DEBUG:colcon.colcon_parallel_executor.executor.parallel:run_until_complete
[0.600s] INFO:colcon.colcon_ros.task.ament_python.build:Building ROS package in '/home/hsd-rr/ros2_simple_ws/src/ros2_listener' with build type 'ament_python'
[0.600s] Level 1:colcon.colcon_core.shell:create_environment_hook('ros2_listener', 'ament_prefix_path')
[0.611s] INFO:colcon.colcon_core.plugin_system:Skipping extension 'colcon_core.shell.bat': Not used on non-Windows systems
[0.611s] INFO:colcon.colcon_core.shell:Creating environment hook '/home/hsd-rr/ros2_simple_ws/install/ros2_listener/share/ros2_listener/hook/ament_prefix_path.ps1'
[0.612s] INFO:colcon.colcon_core.shell:Creating environment hook '/home/hsd-rr/ros2_simple_ws/install/ros2_listener/share/ros2_listener/hook/ament_prefix_path.sh'
[0.613s] INFO:colcon.colcon_core.task.python.build:Building Python package in '/home/hsd-rr/ros2_simple_ws/src/ros2_listener'
[0.614s] INFO:colcon.colcon_core.shell:Skip shell extension 'powershell' for command environment: Not usable outside of PowerShell
[0.618s] WARNING:colcon.colcon_ros.prefix_path.ament:The path '/home/hsd-rr/ros2_simple_ws/install/ros2_talker' in the environment variable AMENT_PREFIX_PATH doesn't exist
[0.629s] WARNING:colcon.colcon_ros.prefix_path.catkin:The path '/home/hsd-rr/ros2_simple_ws/install/ros2_talker' in the environment variable CMAKE_PREFIX_PATH doesn't exist
[0.643s] INFO:colcon.colcon_ros.task.ament_python.build:Building ROS package in '/home/hsd-rr/ros2_simple_ws/src/ros2_talker' with build type 'ament_python'
[0.644s] Level 1:colcon.colcon_core.shell:create_environment_hook('ros2_talker', 'ament_prefix_path')
[0.645s] INFO:colcon.colcon_core.shell:Creating environment hook '/home/hsd-rr/ros2_simple_ws/install/ros2_talker/share/ros2_talker/hook/ament_prefix_path.ps1'
[0.646s] INFO:colcon.colcon_core.shell:Creating environment hook '/home/hsd-rr/ros2_simple_ws/install/ros2_talker/share/ros2_talker/hook/ament_prefix_path.sh'
[0.647s] INFO:colcon.colcon_core.task.python.build:Building Python package in '/home/hsd-rr/ros2_simple_ws/src/ros2_talker'
[0.648s] INFO:colcon.colcon_core.shell:Skip shell extension 'powershell' for command environment: Not usable outside of PowerShell
[1.607s] DEBUG:colcon.colcon_core.event_handler.log_command:Invoking command in '/home/hsd-rr/ros2_simple_ws/build/ros2_listener': PYTHONPATH=/home/hsd-rr/ros2_simple_ws/install/ros2_listener/lib/python3.5/site-packages:${PYTHONPATH} /usr/bin/python3 setup.py develop --prefix /home/hsd-rr/ros2_simple_ws/install/ros2_listener --no-deps
[2.546s] DEBUG:colcon.colcon_core.event_handler.log_command:Invoking command in '/home/hsd-rr/ros2_simple_ws/build/ros2_talker': PYTHONPATH=/home/hsd-rr/ros2_simple_ws/install/ros2_talker/lib/python3.5/site-packages:${PYTHONPATH} /usr/bin/python3 setup.py develop --prefix /home/hsd-rr/ros2_simple_ws/install/ros2_talker --no-deps install_data --install-dir /home/hsd-rr/ros2_simple_ws/install/ros2_talker
[2.792s] Level 1:colcon.colcon_core.shell:create_environment_hook('ros2_listener', 'pythonpath_develop')
[2.794s] INFO:colcon.colcon_core.shell:Creating environment hook '/home/hsd-rr/ros2_simple_ws/build/ros2_listener/share/ros2_listener/hook/pythonpath_develop.ps1'
[2.795s] DEBUG:colcon.colcon_core.event_handler.log_command:Invoked command in '/home/hsd-rr/ros2_simple_ws/build/ros2_listener' returned '0': PYTHONPATH=/home/hsd-rr/ros2_simple_ws/install/ros2_listener/lib/python3.5/site-packages:${PYTHONPATH} /usr/bin/python3 setup.py develop --prefix /home/hsd-rr/ros2_simple_ws/install/ros2_listener --no-deps
[2.795s] INFO:colcon.colcon_core.shell:Creating environment hook '/home/hsd-rr/ros2_simple_ws/build/ros2_listener/share/ros2_listener/hook/pythonpath_develop.sh'
[2.825s] Level 1:colcon.colcon_core.environment:checking '/home/hsd-rr/ros2_simple_ws/install/ros2_listener' for CMake module files
[2.826s] Level 1:colcon.colcon_core.environment:checking '/home/hsd-rr/ros2_simple_ws/install/ros2_listener' for CMake config files
[2.827s] Level 1:colcon.colcon_core.environment:checking '/home/hsd-rr/ros2_simple_ws/install/ros2_listener/lib'
[2.827s] Level 1:colcon.colcon_core.environment:checking '/home/hsd-rr/ros2_simple_ws/install/ros2_listener/bin'
[2.827s] Level 1:colcon.colcon_core.environment:checking '/home/hsd-rr/ros2_simple_ws/install/ros2_listener/lib/pkgconfig/ros2_listener.pc'
[2.827s] Level 1:colcon.colcon_core.environment:checking '/home/hsd-rr/ros2_simple_ws/install/ros2_listener/lib/python3.5/site-packages'
[2.827s] Level 1:colcon.colcon_core.shell:create_environment_hook('ros2_listener', 'pythonpath')
[2.828s] INFO:colcon.colcon_core.shell:Creating environment hook '/home/hsd-rr/ros2_simple_ws/install/ros2_listener/share/ros2_listener/hook/pythonpath.ps1'
[2.829s] INFO:colcon.colcon_core.shell:Creating environment hook '/home/hsd-rr/ros2_simple_ws/install/ros2_listener/share/ros2_listener/hook/pythonpath.sh'
[2.829s] Level 1:colcon.colcon_core.environment:create_environment_scripts_only(ros2_listener)
[2.830s] INFO:colcon.colcon_core.shell:Creating package script '/home/hsd-rr/ros2_simple_ws/install/ros2_listener/share/ros2_listener/package.ps1'
[2.831s] INFO:colcon.colcon_core.shell:Creating package script '/home/hsd-rr/ros2_simple_ws/install/ros2_listener/share/ros2_listener/package.sh'
[2.832s] INFO:colcon.colcon_core.shell:Creating package script '/home/hsd-rr/ros2_simple_ws/install/ros2_listener/share/ros2_listener/package.bash'
[2.833s] INFO:colcon.colcon_core.shell:Creating package script '/home/hsd-rr/ros2_simple_ws/install/ros2_listener/share/ros2_listener/package.zsh'
[2.834s] Level 1:colcon.colcon_core.environment:create_file_with_runtime_dependencies(/home/hsd-rr/ros2_simple_ws/install/ros2_listener/share/colcon-core/packages/ros2_listener)
[3.721s] Level 1:colcon.colcon_core.shell:create_environment_hook('ros2_talker', 'pythonpath_develop')
[3.722s] INFO:colcon.colcon_core.shell:Creating environment hook '/home/hsd-rr/ros2_simple_ws/build/ros2_talker/share/ros2_talker/hook/pythonpath_develop.ps1'
[3.723s] INFO:colcon.colcon_core.shell:Creating environment hook '/home/hsd-rr/ros2_simple_ws/build/ros2_talker/share/ros2_talker/hook/pythonpath_develop.sh'
[3.724s] DEBUG:colcon.colcon_core.event_handler.log_command:Invoked command in '/home/hsd-rr/ros2_simple_ws/build/ros2_talker' returned '0': PYTHONPATH=/home/hsd-rr/ros2_simple_ws/install/ros2_talker/lib/python3.5/site-packages:${PYTHONPATH} /usr/bin/python3 setup.py develop --prefix /home/hsd-rr/ros2_simple_ws/install/ros2_talker --no-deps install_data --install-dir /home/hsd-rr/ros2_simple_ws/install/ros2_talker
[3.725s] Level 1:colcon.colcon_core.environment:checking '/home/hsd-rr/ros2_simple_ws/install/ros2_talker' for CMake module files
[3.726s] Level 1:colcon.colcon_core.environment:checking '/home/hsd-rr/ros2_simple_ws/install/ros2_talker' for CMake config files
[3.726s] Level 1:colcon.colcon_core.environment:checking '/home/hsd-rr/ros2_simple_ws/install/ros2_talker/lib'
[3.726s] Level 1:colcon.colcon_core.environment:checking '/home/hsd-rr/ros2_simple_ws/install/ros2_talker/bin'
[3.727s] Level 1:colcon.colcon_core.environment:checking '/home/hsd-rr/ros2_simple_ws/install/ros2_talker/lib/pkgconfig/ros2_talker.pc'
[3.727s] Level 1:colcon.colcon_core.environment:checking '/home/hsd-rr/ros2_simple_ws/install/ros2_talker/lib/python3.5/site-packages'
[3.727s] Level 1:colcon.colcon_core.shell:create_environment_hook('ros2_talker', 'pythonpath')
[3.728s] INFO:colcon.colcon_core.shell:Creating environment hook '/home/hsd-rr/ros2_simple_ws/install/ros2_talker/share/ros2_talker/hook/pythonpath.ps1'
[3.729s] INFO:colcon.colcon_core.shell:Creating environment hook '/home/hsd-rr/ros2_simple_ws/install/ros2_talker/share/ros2_talker/hook/pythonpath.sh'
[3.729s] Level 1:colcon.colcon_core.environment:create_environment_scripts_only(ros2_talker)
[3.730s] INFO:colcon.colcon_core.shell:Creating package script '/home/hsd-rr/ros2_simple_ws/install/ros2_talker/share/ros2_talker/package.ps1'
[3.731s] INFO:colcon.colcon_core.shell:Creating package script '/home/hsd-rr/ros2_simple_ws/install/ros2_talker/share/ros2_talker/package.sh'
[3.732s] INFO:colcon.colcon_core.shell:Creating package script '/home/hsd-rr/ros2_simple_ws/install/ros2_talker/share/ros2_talker/package.bash'
[3.732s] INFO:colcon.colcon_core.shell:Creating package script '/home/hsd-rr/ros2_simple_ws/install/ros2_talker/share/ros2_talker/package.zsh'
[3.732s] Level 1:colcon.colcon_core.environment:create_file_with_runtime_dependencies(/home/hsd-rr/ros2_simple_ws/install/ros2_talker/share/colcon-core/packages/ros2_talker)
[3.733s] DEBUG:colcon.colcon_parallel_executor.executor.parallel:closing loop
[3.734s] DEBUG:colcon.colcon_parallel_executor.executor.parallel:loop closed
[3.734s] DEBUG:colcon.colcon_parallel_executor.executor.parallel:run_until_complete finished with '0'
[3.734s] DEBUG:colcon.colcon_core.event_reactor:joining thread
[3.737s] INFO:colcon.colcon_core.plugin_system:Skipping extension 'colcon_notification.desktop_notification.win32': Not used on non-Windows systems
[3.737s] INFO:colcon.colcon_core.plugin_system:Skipping extension 'colcon_notification.desktop_notification.terminal_notifier': Not used on non-Darwin systems
[3.751s] INFO:colcon.colcon_notification.desktop_notification:Sending desktop notification using 'notify2'
[3.871s] DEBUG:colcon.colcon_core.event_reactor:joined thread
[3.873s] INFO:colcon.colcon_core.shell:Creating prefix script '/home/hsd-rr/ros2_simple_ws/install/local_setup.ps1'
[3.875s] INFO:colcon.colcon_core.shell:Creating prefix chain script '/home/hsd-rr/ros2_simple_ws/install/setup.ps1'
[3.891s] INFO:colcon.colcon_core.shell:Creating prefix script '/home/hsd-rr/ros2_simple_ws/install/local_setup.sh'
[3.892s] INFO:colcon.colcon_core.shell:Creating prefix chain script '/home/hsd-rr/ros2_simple_ws/install/setup.sh'
[3.908s] INFO:colcon.colcon_core.shell:Creating prefix script '/home/hsd-rr/ros2_simple_ws/install/local_setup.bash'
[3.909s] INFO:colcon.colcon_core.shell:Creating prefix chain script '/home/hsd-rr/ros2_simple_ws/install/setup.bash'
[3.925s] INFO:colcon.colcon_core.shell:Creating prefix script '/home/hsd-rr/ros2_simple_ws/install/local_setup.zsh'
[3.926s] INFO:colcon.colcon_core.shell:Creating prefix chain script '/home/hsd-rr/ros2_simple_ws/install/setup.zsh'
